[0308/182930.286:INFO:CONSOLE:254] "
%cرکیں! font-family:helvetica; font-size:20px; font-size:50px; font-weight:bold; color:red; -webkit-text-stroke:1px black;", source: https://static.xx.fbcdn.net/rsrc.php/v4/ya/r/Hf54VCqkkAe.js (254)
[0308/182930.531:INFO:CONSOLE:254] "
%cبراؤزر میں دستیاب یہ فیچر ڈویلپرز کیلئے ہے۔ اگر کوئی شخص کسی Facebook فیچر کو فعال کرنے یا کسی شخص کا اکاؤنٹ ہیک کرنے کیلئے آپ سے یہاں کچھ کاپی پیسٹ کرنے کو کہتا ہے تو یہ دھوکہ بازی ہے اور اس کے نتیجے میں اس شخص کو آپ کے Facebook اکاؤنٹ تک رسائی حاصل ہو جائے گی۔ font-family:helvetica; font-size:20px; ", source: https://static.xx.fbcdn.net/rsrc.php/v4/ya/r/Hf54VCqkkAe.js (254)
[0308/182930.541:INFO:CONSOLE:254] "
%cمزید معلومات کیلئے https://www.facebook.com/selfxss دیکھیں۔ font-family:helvetica; font-size:20px; ", source: https://static.xx.fbcdn.net/rsrc.php/v4/ya/r/Hf54VCqkkAe.js (254)
[0308/182930.541:INFO:CONSOLE:254] "
%c ", source: https://static.xx.fbcdn.net/rsrc.php/v4/ya/r/Hf54VCqkkAe.js (254)
[0308/182930.976:INFO:CONSOLE:77] "ErrorUtils caught an error:

The user agent does not support public key credentials.

Subsequent non-fatal errors won't be logged; see https://fburl.com/debugjs. [object Object]", source: https://static.xx.fbcdn.net/rsrc.php/v4/ya/r/Hf54VCqkkAe.js (77)
[0308/182946.121:INFO:CONSOLE:254] "
%cرکیں! font-family:helvetica; font-size:20px; font-size:50px; font-weight:bold; color:red; -webkit-text-stroke:1px black;", source: https://static.xx.fbcdn.net/rsrc.php/v4/ya/r/Hf54VCqkkAe.js (254)
[0308/182946.121:INFO:CONSOLE:254] "
%cبراؤزر میں دستیاب یہ فیچر ڈویلپرز کیلئے ہے۔ اگر کوئی شخص کسی Facebook فیچر کو فعال کرنے یا کسی شخص کا اکاؤنٹ ہیک کرنے کیلئے آپ سے یہاں کچھ کاپی پیسٹ کرنے کو کہتا ہے تو یہ دھوکہ بازی ہے اور اس کے نتیجے میں اس شخص کو آپ کے Facebook اکاؤنٹ تک رسائی حاصل ہو جائے گی۔ font-family:helvetica; font-size:20px; ", source: https://static.xx.fbcdn.net/rsrc.php/v4/ya/r/Hf54VCqkkAe.js (254)
[0308/182946.121:INFO:CONSOLE:254] "
%cمزید معلومات کیلئے https://www.facebook.com/selfxss دیکھیں۔ font-family:helvetica; font-size:20px; ", source: https://static.xx.fbcdn.net/rsrc.php/v4/ya/r/Hf54VCqkkAe.js (254)
[0308/182946.122:INFO:CONSOLE:254] "
%c ", source: https://static.xx.fbcdn.net/rsrc.php/v4/ya/r/Hf54VCqkkAe.js (254)
[0308/182946.257:INFO:CONSOLE:77] "ErrorUtils caught an error:

The user agent does not support public key credentials.

Subsequent non-fatal errors won't be logged; see https://fburl.com/debugjs. [object Object]", source: https://static.xx.fbcdn.net/rsrc.php/v4/ya/r/Hf54VCqkkAe.js (77)
